<?xml version="1.0" encoding="UTF-8"?>
<!-- Generated by org.testng.reporters.JUnitReportReporter -->
<testsuite hostname="c624lm2tv3d4htd.us624.corpintra.net" failures="0" tests="1" name="TestCase.TC_001_AccountRegistrationTest" time="5.405" errors="0" timestamp="2024-08-21T12:24:50 PDT" skipped="0">
  <testcase classname="TestCase.TC_001_AccountRegistrationTest" name="verify_account_registration" time="5.405"/>
</testsuite> <!-- TestCase.TC_001_AccountRegistrationTest -->
