<?xml version="1.0" encoding="UTF-8"?>
<!-- Generated by org.testng.reporters.JUnitReportReporter -->
<testsuite hostname="c624lm2tv3d4htd.us624.corpintra.net" failures="0" tests="1" name="TestCase.LoginTest" time="1.587" errors="0" timestamp="2024-08-21T12:24:50 PDT" skipped="0">
  <testcase classname="TestCase.LoginTest" name="loginbuton" time="1.587"/>
</testsuite> <!-- TestCase.LoginTest -->
